2025-03-06 09:50:26,275 - ERROR - Kenya PPIP scraper failed: Message: 

2025-03-06 10:25:39,932 - ERROR - PPIP Tenders scraper failed: Message: 

2025-03-06 10:25:42,198 - ERROR - World Bank Tenders scraper failed: Message: 
Stacktrace:
	GetHandleVerifier [0x00A40B43+25139]
	(No symbol) [0x009D13F4]
	(No symbol) [0x008B04E3]
	(No symbol) [0x008F83D7]
	(No symbol) [0x008F872B]
	(No symbol) [0x00941002]
	(No symbol) [0x0091D014]
	(No symbol) [0x0093E778]
	(No symbol) [0x0091CDC6]
	(No symbol) [0x008EBDE9]
	(No symbol) [0x008ED124]
	GetHandleVerifier [0x00D44373+3185251]
	GetHandleVerifier [0x00D6291A+3309578]
	GetHandleVerifier [0x00D5CF42+3286578]
	GetHandleVerifier [0x00AD7AE0+643536]
	(No symbol) [0x009DA20D]
	(No symbol) [0x009D70B8]
	(No symbol) [0x009D7257]
	(No symbol) [0x009C9E00]
	BaseThreadInitThunk [0x75B85D49+25]
	RtlInitializeExceptionChain [0x777ACDEB+107]
	RtlGetAppContainerNamedObjectPath [0x777ACD71+561]

2025-03-07 14:49:44,921 - ERROR - PPIP Tenders scraper failed: Message: 

2025-03-07 14:50:17,711 - ERROR - World Bank Tenders scraper failed: Message: 
Stacktrace:
	GetHandleVerifier [0x006B0B43+25139]
	(No symbol) [0x006413F4]
	(No symbol) [0x005204E3]
	(No symbol) [0x005683D7]
	(No symbol) [0x0056872B]
	(No symbol) [0x005B1002]
	(No symbol) [0x0058D014]
	(No symbol) [0x005AE778]
	(No symbol) [0x0058CDC6]
	(No symbol) [0x0055BDE9]
	(No symbol) [0x0055D124]
	GetHandleVerifier [0x009B4373+3185251]
	GetHandleVerifier [0x009D291A+3309578]
	GetHandleVerifier [0x009CCF42+3286578]
	GetHandleVerifier [0x00747AE0+643536]
	(No symbol) [0x0064A20D]
	(No symbol) [0x006470B8]
	(No symbol) [0x00647257]
	(No symbol) [0x00639E00]
	BaseThreadInitThunk [0x75B85D49+25]
	RtlInitializeExceptionChain [0x777ACDEB+107]
	RtlGetAppContainerNamedObjectPath [0x777ACD71+561]

2025-03-07 16:19:27,291 - ERROR - World Bank scraper failed: Message: 
Stacktrace:
	GetHandleVerifier [0x003F0B43+25139]
	(No symbol) [0x003813F4]
	(No symbol) [0x002604E3]
	(No symbol) [0x002A83D7]
	(No symbol) [0x002A872B]
	(No symbol) [0x002F1002]
	(No symbol) [0x002CD014]
	(No symbol) [0x002EE778]
	(No symbol) [0x002CCDC6]
	(No symbol) [0x0029BDE9]
	(No symbol) [0x0029D124]
	GetHandleVerifier [0x006F4373+3185251]
	GetHandleVerifier [0x0071291A+3309578]
	GetHandleVerifier [0x0070CF42+3286578]
	GetHandleVerifier [0x00487AE0+643536]
	(No symbol) [0x0038A20D]
	(No symbol) [0x003870B8]
	(No symbol) [0x00387257]
	(No symbol) [0x00379E00]
	BaseThreadInitThunk [0x75B85D49+25]
	RtlInitializeExceptionChain [0x777ACDEB+107]
	RtlGetAppContainerNamedObjectPath [0x777ACD71+561]

2025-03-10 10:27:16,199 - ERROR - Kenya PPIP scraper failed: Message: 

2025-03-11 11:21:16,169 - ERROR - Kenya PPIP scraper failed: Message: 

2025-03-11 12:05:25,697 - ERROR - Kenya PPIP scraper failed: Message: 

2025-03-12 10:23:07,125 - ERROR - Kenya PPIP scraper failed: Message: 

2025-03-13 17:11:38,637 - ERROR - World Bank Tenders scraper failed: HTTPConnectionPool(host='localhost', port=51148): Read timed out. (read timeout=120)
2025-03-27 14:34:55,699 - ERROR - Uganda Tenders scraper failed: HTTPConnectionPool(host='localhost', port=50409): Read timed out. (read timeout=120)
2025-04-02 09:33:20,252 - ERROR - World Bank Tenders scraper failed: HTTPConnectionPool(host='localhost', port=52845): Read timed out. (read timeout=120)
2025-04-05 13:39:10,275 - ERROR - Rwanda Tenders scraper failed: Message: 
Stacktrace:
	GetHandleVerifier [0x0072C7F3+24435]
	(No symbol) [0x006B2074]
	(No symbol) [0x005806E3]
	(No symbol) [0x005C8B39]
	(No symbol) [0x005C8E8B]
	(No symbol) [0x00611AC2]
	(No symbol) [0x005ED804]
	(No symbol) [0x0060F20A]
	(No symbol) [0x005ED5B6]
	(No symbol) [0x005BC54F]
	(No symbol) [0x005BD894]
	GetHandleVerifier [0x00A370A3+3213347]
	GetHandleVerifier [0x00A4B0C9+3295305]
	GetHandleVerifier [0x00A4558C+3271948]
	GetHandleVerifier [0x007C7360+658144]
	(No symbol) [0x006BB27D]
	(No symbol) [0x006B8208]
	(No symbol) [0x006B83A9]
	(No symbol) [0x006AAAC0]
	BaseThreadInitThunk [0x76BD5D49+25]
	RtlInitializeExceptionChain [0x77BDCE3B+107]
	RtlGetAppContainerNamedObjectPath [0x77BDCDC1+561]

2025-04-06 13:47:26,820 - ERROR - Rwanda Tenders scraper failed: Message: 
Stacktrace:
	GetHandleVerifier [0x00FCC7F3+24435]
	(No symbol) [0x00F52074]
	(No symbol) [0x00E206E3]
	(No symbol) [0x00E68B39]
	(No symbol) [0x00E68E8B]
	(No symbol) [0x00EB1AC2]
	(No symbol) [0x00E8D804]
	(No symbol) [0x00EAF20A]
	(No symbol) [0x00E8D5B6]
	(No symbol) [0x00E5C54F]
	(No symbol) [0x00E5D894]
	GetHandleVerifier [0x012D70A3+3213347]
	GetHandleVerifier [0x012EB0C9+3295305]
	GetHandleVerifier [0x012E558C+3271948]
	GetHandleVerifier [0x01067360+658144]
	(No symbol) [0x00F5B27D]
	(No symbol) [0x00F58208]
	(No symbol) [0x00F583A9]
	(No symbol) [0x00F4AAC0]
	BaseThreadInitThunk [0x76BD5D49+25]
	RtlInitializeExceptionChain [0x77BDCE3B+107]
	RtlGetAppContainerNamedObjectPath [0x77BDCDC1+561]

2025-04-07 08:15:11,483 - ERROR - Rwanda Tenders scraper failed: Message: 
Stacktrace:
	GetHandleVerifier [0x0064C7F3+24435]
	(No symbol) [0x005D2074]
	(No symbol) [0x004A06E3]
	(No symbol) [0x004E8B39]
	(No symbol) [0x004E8E8B]
	(No symbol) [0x00531AC2]
	(No symbol) [0x0050D804]
	(No symbol) [0x0052F20A]
	(No symbol) [0x0050D5B6]
	(No symbol) [0x004DC54F]
	(No symbol) [0x004DD894]
	GetHandleVerifier [0x009570A3+3213347]
	GetHandleVerifier [0x0096B0C9+3295305]
	GetHandleVerifier [0x0096558C+3271948]
	GetHandleVerifier [0x006E7360+658144]
	(No symbol) [0x005DB27D]
	(No symbol) [0x005D8208]
	(No symbol) [0x005D83A9]
	(No symbol) [0x005CAAC0]
	BaseThreadInitThunk [0x76BD5D49+25]
	RtlInitializeExceptionChain [0x77BDCE3B+107]
	RtlGetAppContainerNamedObjectPath [0x77BDCDC1+561]

2025-04-07 14:45:42,871 - ERROR - Rwanda Tenders scraper failed: Message: 
Stacktrace:
	GetHandleVerifier [0x009BC7F3+24435]
	(No symbol) [0x00942074]
	(No symbol) [0x008106E3]
	(No symbol) [0x00858B39]
	(No symbol) [0x00858E8B]
	(No symbol) [0x008A1AC2]
	(No symbol) [0x0087D804]
	(No symbol) [0x0089F20A]
	(No symbol) [0x0087D5B6]
	(No symbol) [0x0084C54F]
	(No symbol) [0x0084D894]
	GetHandleVerifier [0x00CC70A3+3213347]
	GetHandleVerifier [0x00CDB0C9+3295305]
	GetHandleVerifier [0x00CD558C+3271948]
	GetHandleVerifier [0x00A57360+658144]
	(No symbol) [0x0094B27D]
	(No symbol) [0x00948208]
	(No symbol) [0x009483A9]
	(No symbol) [0x0093AAC0]
	BaseThreadInitThunk [0x76BD5D49+25]
	RtlInitializeExceptionChain [0x77BDCE3B+107]
	RtlGetAppContainerNamedObjectPath [0x77BDCDC1+561]

2025-04-07 14:51:34,816 - ERROR - PPIP Tenders scraper failed: Message: 

2025-04-07 14:52:02,196 - ERROR - Rwanda Tenders scraper failed: Message: 
Stacktrace:
	GetHandleVerifier [0x009BC7F3+24435]
	(No symbol) [0x00942074]
	(No symbol) [0x008106E3]
	(No symbol) [0x00858B39]
	(No symbol) [0x00858E8B]
	(No symbol) [0x008A1AC2]
	(No symbol) [0x0087D804]
	(No symbol) [0x0089F20A]
	(No symbol) [0x0087D5B6]
	(No symbol) [0x0084C54F]
	(No symbol) [0x0084D894]
	GetHandleVerifier [0x00CC70A3+3213347]
	GetHandleVerifier [0x00CDB0C9+3295305]
	GetHandleVerifier [0x00CD558C+3271948]
	GetHandleVerifier [0x00A57360+658144]
	(No symbol) [0x0094B27D]
	(No symbol) [0x00948208]
	(No symbol) [0x009483A9]
	(No symbol) [0x0093AAC0]
	BaseThreadInitThunk [0x76BD5D49+25]
	RtlInitializeExceptionChain [0x77BDCE3B+107]
	RtlGetAppContainerNamedObjectPath [0x77BDCDC1+561]

2025-04-08 09:37:12,800 - ERROR - PPIP Tenders scraper failed: Message: 

2025-04-08 09:37:34,549 - ERROR - Rwanda Tenders scraper failed: Message: 
Stacktrace:
	GetHandleVerifier [0x00DAC7F3+24435]
	(No symbol) [0x00D32074]
	(No symbol) [0x00C006E3]
	(No symbol) [0x00C48B39]
	(No symbol) [0x00C48E8B]
	(No symbol) [0x00C91AC2]
	(No symbol) [0x00C6D804]
	(No symbol) [0x00C8F20A]
	(No symbol) [0x00C6D5B6]
	(No symbol) [0x00C3C54F]
	(No symbol) [0x00C3D894]
	GetHandleVerifier [0x010B70A3+3213347]
	GetHandleVerifier [0x010CB0C9+3295305]
	GetHandleVerifier [0x010C558C+3271948]
	GetHandleVerifier [0x00E47360+658144]
	(No symbol) [0x00D3B27D]
	(No symbol) [0x00D38208]
	(No symbol) [0x00D383A9]
	(No symbol) [0x00D2AAC0]
	BaseThreadInitThunk [0x76BD5D49+25]
	RtlInitializeExceptionChain [0x77BDCE3B+107]
	RtlGetAppContainerNamedObjectPath [0x77BDCDC1+561]

2025-04-09 13:28:51,837 - ERROR - PPIP Tenders scraper failed: Message: unknown error: net::ERR_CONNECTION_TIMED_OUT
  (Session info: chrome=134.0.6998.178)
Stacktrace:
	GetHandleVerifier [0x0108C7F3+24435]
	(No symbol) [0x01012074]
	(No symbol) [0x00EE06E3]
	(No symbol) [0x00EDDB6E]
	(No symbol) [0x00ED1458]
	(No symbol) [0x00ED2D60]
	(No symbol) [0x00ED16E7]
	(No symbol) [0x00ED1243]
	(No symbol) [0x00ED0F51]
	(No symbol) [0x00ECEE30]
	(No symbol) [0x00ECF8BB]
	(No symbol) [0x00EE419E]
	(No symbol) [0x00F6FEE7]
	(No symbol) [0x00F4D7BC]
	(No symbol) [0x00F6F20A]
	(No symbol) [0x00F4D5B6]
	(No symbol) [0x00F1C54F]
	(No symbol) [0x00F1D894]
	GetHandleVerifier [0x013970A3+3213347]
	GetHandleVerifier [0x013AB0C9+3295305]
	GetHandleVerifier [0x013A558C+3271948]
	GetHandleVerifier [0x01127360+658144]
	(No symbol) [0x0101B27D]
	(No symbol) [0x01018208]
	(No symbol) [0x010183A9]
	(No symbol) [0x0100AAC0]
	BaseThreadInitThunk [0x76BD5D49+25]
	RtlInitializeExceptionChain [0x77BDCE3B+107]
	RtlGetAppContainerNamedObjectPath [0x77BDCDC1+561]

2025-04-15 10:29:48,574 - ERROR - Rwanda Tenders scraper failed: Message: invalid session id: session deleted as the browser has closed the connection
from disconnected: Unable to receive message from renderer
  (Session info: chrome=135.0.7049.85)
Stacktrace:
	GetHandleVerifier [0x010380E3+60707]
	GetHandleVerifier [0x01038124+60772]
	(No symbol) [0x00E60683]
	(No symbol) [0x00E5121B]
	(No symbol) [0x00E50F51]
	(No symbol) [0x00E4EF30]
	(No symbol) [0x00E4F9ED]
	(No symbol) [0x00E5BF79]
	(No symbol) [0x00E6D6E5]
	(No symbol) [0x00E72F86]
	(No symbol) [0x00E4FFFD]
	(No symbol) [0x00E6CF64]
	(No symbol) [0x00EEE733]
	(No symbol) [0x00ECCE46]
	(No symbol) [0x00E9C5D3]
	(No symbol) [0x00E9D424]
	GetHandleVerifier [0x0127BBC3+2435075]
	GetHandleVerifier [0x01277163+2416035]
	GetHandleVerifier [0x0129350C+2531660]
	GetHandleVerifier [0x0104F1B5+155125]
	GetHandleVerifier [0x01055B5D+182173]
	GetHandleVerifier [0x0103F9B8+91640]
	GetHandleVerifier [0x0103FB60+92064]
	GetHandleVerifier [0x0102A620+4704]
	BaseThreadInitThunk [0x75B25D49+25]
	RtlInitializeExceptionChain [0x7702CF0B+107]
	RtlGetAppContainerNamedObjectPath [0x7702CE91+561]

2025-04-15 10:29:48,578 - ERROR - Nigeria e-Tenders scraper failed: Message: invalid session id: session deleted as the browser has closed the connection
from disconnected: unable to send message to renderer
  (Session info: chrome=135.0.7049.85)
Stacktrace:
	GetHandleVerifier [0x010380E3+60707]
	GetHandleVerifier [0x01038124+60772]
	(No symbol) [0x00E60683]
	(No symbol) [0x00E50450]
	(No symbol) [0x00E503D6]
	(No symbol) [0x00E4ED43]
	(No symbol) [0x00E4F9ED]
	(No symbol) [0x00E5BF79]
	(No symbol) [0x00E6D6E5]
	(No symbol) [0x00E72F86]
	(No symbol) [0x00E4FFFD]
	(No symbol) [0x00E6CF64]
	(No symbol) [0x00EEE733]
	(No symbol) [0x00ECCE46]
	(No symbol) [0x00E9C5D3]
	(No symbol) [0x00E9D424]
	GetHandleVerifier [0x0127BBC3+2435075]
	GetHandleVerifier [0x01277163+2416035]
	GetHandleVerifier [0x0129350C+2531660]
	GetHandleVerifier [0x0104F1B5+155125]
	GetHandleVerifier [0x01055B5D+182173]
	GetHandleVerifier [0x0103F9B8+91640]
	GetHandleVerifier [0x0103FB60+92064]
	GetHandleVerifier [0x0102A620+4704]
	BaseThreadInitThunk [0x75B25D49+25]
	RtlInitializeExceptionChain [0x7702CF0B+107]
	RtlGetAppContainerNamedObjectPath [0x7702CE91+561]

2025-04-15 10:29:48,579 - ERROR - Nigeria Procurement scraper failed: Message: invalid session id: session deleted as the browser has closed the connection
from disconnected: Unable to receive message from renderer
  (Session info: chrome=135.0.7049.85)
Stacktrace:
	GetHandleVerifier [0x010380E3+60707]
	GetHandleVerifier [0x01038124+60772]
	(No symbol) [0x00E60683]
	(No symbol) [0x00E5121B]
	(No symbol) [0x00E50F51]
	(No symbol) [0x00E4EF30]
	(No symbol) [0x00E4F9ED]
	(No symbol) [0x00E5BF79]
	(No symbol) [0x00E6D6E5]
	(No symbol) [0x00E72F86]
	(No symbol) [0x00E4FFFD]
	(No symbol) [0x00E6CF64]
	(No symbol) [0x00EEEB40]
	(No symbol) [0x00ECCE46]
	(No symbol) [0x00E9C5D3]
	(No symbol) [0x00E9D424]
	GetHandleVerifier [0x0127BBC3+2435075]
	GetHandleVerifier [0x01277163+2416035]
	GetHandleVerifier [0x0129350C+2531660]
	GetHandleVerifier [0x0104F1B5+155125]
	GetHandleVerifier [0x01055B5D+182173]
	GetHandleVerifier [0x0103F9B8+91640]
	GetHandleVerifier [0x0103FB60+92064]
	GetHandleVerifier [0x0102A620+4704]
	BaseThreadInitThunk [0x75B25D49+25]
	RtlInitializeExceptionChain [0x7702CF0B+107]
	RtlGetAppContainerNamedObjectPath [0x7702CE91+561]

2025-04-15 10:29:52,685 - ERROR - Uganda Tenders scraper failed: Message: invalid session id: session deleted as the browser has closed the connection
from disconnected: Unable to receive message from renderer
  (Session info: chrome=135.0.7049.85)
Stacktrace:
	GetHandleVerifier [0x010380E3+60707]
	GetHandleVerifier [0x01038124+60772]
	(No symbol) [0x00E60683]
	(No symbol) [0x00E5121B]
	(No symbol) [0x00E50F51]
	(No symbol) [0x00E4EF30]
	(No symbol) [0x00E4F9ED]
	(No symbol) [0x00E5BF79]
	(No symbol) [0x00E6D6E5]
	(No symbol) [0x00E72F86]
	(No symbol) [0x00E4FFFD]
	(No symbol) [0x00E6CF64]
	(No symbol) [0x00EEEB40]
	(No symbol) [0x00ECCE46]
	(No symbol) [0x00E9C5D3]
	(No symbol) [0x00E9D424]
	GetHandleVerifier [0x0127BBC3+2435075]
	GetHandleVerifier [0x01277163+2416035]
	GetHandleVerifier [0x0129350C+2531660]
	GetHandleVerifier [0x0104F1B5+155125]
	GetHandleVerifier [0x01055B5D+182173]
	GetHandleVerifier [0x0103F9B8+91640]
	GetHandleVerifier [0x0103FB60+92064]
	GetHandleVerifier [0x0102A620+4704]
	BaseThreadInitThunk [0x75B25D49+25]
	RtlInitializeExceptionChain [0x7702CF0B+107]
	RtlGetAppContainerNamedObjectPath [0x7702CE91+561]

2025-04-15 10:29:53,489 - ERROR - World Bank Tenders scraper failed: Message: invalid session id: session deleted as the browser has closed the connection
from disconnected: Unable to receive message from renderer
  (Session info: chrome=135.0.7049.85)
Stacktrace:
	GetHandleVerifier [0x010380E3+60707]
	GetHandleVerifier [0x01038124+60772]
	(No symbol) [0x00E60683]
	(No symbol) [0x00E5121B]
	(No symbol) [0x00E50F51]
	(No symbol) [0x00E4EF30]
	(No symbol) [0x00E4F9ED]
	(No symbol) [0x00E5BF79]
	(No symbol) [0x00E6D6E5]
	(No symbol) [0x00E72F86]
	(No symbol) [0x00E4FFFD]
	(No symbol) [0x00E6CF64]
	(No symbol) [0x00EEE733]
	(No symbol) [0x00ECCE46]
	(No symbol) [0x00E9C5D3]
	(No symbol) [0x00E9D424]
	GetHandleVerifier [0x0127BBC3+2435075]
	GetHandleVerifier [0x01277163+2416035]
	GetHandleVerifier [0x0129350C+2531660]
	GetHandleVerifier [0x0104F1B5+155125]
	GetHandleVerifier [0x01055B5D+182173]
	GetHandleVerifier [0x0103F9B8+91640]
	GetHandleVerifier [0x0103FB60+92064]
	GetHandleVerifier [0x0102A620+4704]
	BaseThreadInitThunk [0x75B25D49+25]
	RtlInitializeExceptionChain [0x7702CF0B+107]
	RtlGetAppContainerNamedObjectPath [0x7702CE91+561]

2025-04-15 10:29:53,504 - ERROR - TZ Tenders scraper failed: Message: invalid session id: session deleted as the browser has closed the connection
from disconnected: Unable to receive message from renderer
  (Session info: chrome=135.0.7049.85)
Stacktrace:
	GetHandleVerifier [0x010380E3+60707]
	GetHandleVerifier [0x01038124+60772]
	(No symbol) [0x00E60683]
	(No symbol) [0x00E5121B]
	(No symbol) [0x00E50F51]
	(No symbol) [0x00E4EF30]
	(No symbol) [0x00E4F9ED]
	(No symbol) [0x00E5BF79]
	(No symbol) [0x00E6D6E5]
	(No symbol) [0x00E72F86]
	(No symbol) [0x00E4FFFD]
	(No symbol) [0x00E6CF64]
	(No symbol) [0x00EEEB40]
	(No symbol) [0x00ECCE46]
	(No symbol) [0x00E9C5D3]
	(No symbol) [0x00E9D424]
	GetHandleVerifier [0x0127BBC3+2435075]
	GetHandleVerifier [0x01277163+2416035]
	GetHandleVerifier [0x0129350C+2531660]
	GetHandleVerifier [0x0104F1B5+155125]
	GetHandleVerifier [0x01055B5D+182173]
	GetHandleVerifier [0x0103F9B8+91640]
	GetHandleVerifier [0x0103FB60+92064]
	GetHandleVerifier [0x0102A620+4704]
	BaseThreadInitThunk [0x75B25D49+25]
	RtlInitializeExceptionChain [0x7702CF0B+107]
	RtlGetAppContainerNamedObjectPath [0x7702CE91+561]

2025-04-15 10:29:53,693 - ERROR - Nigeria e-Bid scraper failed: Message: invalid session id: session deleted as the browser has closed the connection
from disconnected: not connected to DevTools
  (Session info: chrome=135.0.7049.85)
Stacktrace:
	GetHandleVerifier [0x010380E3+60707]
	GetHandleVerifier [0x01038124+60772]
	(No symbol) [0x00E60683]
	(No symbol) [0x00E4FED0]
	(No symbol) [0x00E6DD3F]
	(No symbol) [0x00ED3D7F]
	(No symbol) [0x00EEE129]
	(No symbol) [0x00ECCE46]
	(No symbol) [0x00E9C5D3]
	(No symbol) [0x00E9D424]
	GetHandleVerifier [0x0127BBC3+2435075]
	GetHandleVerifier [0x01277163+2416035]
	GetHandleVerifier [0x0129350C+2531660]
	GetHandleVerifier [0x0104F1B5+155125]
	GetHandleVerifier [0x01055B5D+182173]
	GetHandleVerifier [0x0103F9B8+91640]
	GetHandleVerifier [0x0103FB60+92064]
	GetHandleVerifier [0x0102A620+4704]
	BaseThreadInitThunk [0x75B25D49+25]
	RtlInitializeExceptionChain [0x7702CF0B+107]
	RtlGetAppContainerNamedObjectPath [0x7702CE91+561]

2025-04-15 10:51:34,435 - ERROR - PPIP Tenders scraper failed: Message: 

2025-04-19 11:04:29,879 - ERROR - World Bank Tenders scraper failed: Message: invalid session id: session deleted as the browser has closed the connection
from disconnected: not connected to DevTools
  (Session info: chrome=135.0.7049.85)
Stacktrace:
	GetHandleVerifier [0x011B8073+60707]
	GetHandleVerifier [0x011B80B4+60772]
	(No symbol) [0x00FE0683]
	(No symbol) [0x00FCFED0]
	(No symbol) [0x00FEDD3F]
	(No symbol) [0x01053D7F]
	(No symbol) [0x0106E129]
	(No symbol) [0x0104CE46]
	(No symbol) [0x0101C5D3]
	(No symbol) [0x0101D424]
	GetHandleVerifier [0x013FBB53+2435075]
	GetHandleVerifier [0x013F70F3+2416035]
	GetHandleVerifier [0x0141349C+2531660]
	GetHandleVerifier [0x011CF145+155125]
	GetHandleVerifier [0x011D5AED+182173]
	GetHandleVerifier [0x011BF948+91640]
	GetHandleVerifier [0x011BFAF0+92064]
	GetHandleVerifier [0x011AA5B0+4704]
	BaseThreadInitThunk [0x75B25D49+25]
	RtlInitializeExceptionChain [0x7702CF0B+107]
	RtlGetAppContainerNamedObjectPath [0x7702CE91+561]

2025-04-30 21:40:09,421 - ERROR - Nigeria Procurement scraper failed: Message: 
Stacktrace:
	GetHandleVerifier [0x008DD363+60275]
	GetHandleVerifier [0x008DD3A4+60340]
	(No symbol) [0x007106F3]
	(No symbol) [0x00758690]
	(No symbol) [0x00758A2B]
	(No symbol) [0x007A0EE2]
	(No symbol) [0x0077D0D4]
	(No symbol) [0x0079E6EB]
	(No symbol) [0x0077CE86]
	(No symbol) [0x0074C623]
	(No symbol) [0x0074D474]
	GetHandleVerifier [0x00B28FE3+2467827]
	GetHandleVerifier [0x00B245E6+2448886]
	GetHandleVerifier [0x00B3F80C+2560028]
	GetHandleVerifier [0x008F3DF5+153093]
	GetHandleVerifier [0x008FA3BD+179149]
	GetHandleVerifier [0x008E4BB8+91080]
	GetHandleVerifier [0x008E4D60+91504]
	GetHandleVerifier [0x008CFA10+4640]
	BaseThreadInitThunk [0x76BA5D49+25]
	RtlInitializeExceptionChain [0x7741CF0B+107]
	RtlGetAppContainerNamedObjectPath [0x7741CE91+561]

2025-04-30 21:44:43,762 - ERROR - World Bank Tenders scraper failed: Message: invalid session id
Stacktrace:
	GetHandleVerifier [0x008DD363+60275]
	GetHandleVerifier [0x008DD3A4+60340]
	(No symbol) [0x0071056E]
	(No symbol) [0x0074B8E8]
	(No symbol) [0x0077CF46]
	(No symbol) [0x00778A18]
	(No symbol) [0x00777F96]
	(No symbol) [0x006E36E5]
	(No symbol) [0x006E3C3E]
	(No symbol) [0x006E40CD]
	GetHandleVerifier [0x00B28FE3+2467827]
	GetHandleVerifier [0x00B245E6+2448886]
	GetHandleVerifier [0x00B3F80C+2560028]
	GetHandleVerifier [0x008F3DF5+153093]
	GetHandleVerifier [0x008FA3BD+179149]
	(No symbol) [0x006E33B0]
	(No symbol) [0x006E2BC3]
	GetHandleVerifier [0x00C4DFBC+3667916]
	BaseThreadInitThunk [0x76BA5D49+25]
	RtlInitializeExceptionChain [0x7741CF0B+107]
	RtlGetAppContainerNamedObjectPath [0x7741CE91+561]

2025-05-01 16:06:09,037 - ERROR - Uganda Tenders scraper failed: Message: unknown error: net::ERR_CONNECTION_TIMED_OUT
  (Session info: chrome=135.0.7049.115)
Stacktrace:
	GetHandleVerifier [0x0103D363+60275]
	GetHandleVerifier [0x0103D3A4+60340]
	(No symbol) [0x00E706F3]
	(No symbol) [0x00E6DB50]
	(No symbol) [0x00E614A8]
	(No symbol) [0x00E62D90]
	(No symbol) [0x00E61738]
	(No symbol) [0x00E61293]
	(No symbol) [0x00E60FA1]
	(No symbol) [0x00E5EF80]
	(No symbol) [0x00E5F91B]
	(No symbol) [0x00E7407E]
	(No symbol) [0x00EFF2F7]
	(No symbol) [0x00EDD08C]
	(No symbol) [0x00EFE6EB]
	(No symbol) [0x00EDCE86]
	(No symbol) [0x00EAC623]
	(No symbol) [0x00EAD474]
	GetHandleVerifier [0x01288FE3+2467827]
	GetHandleVerifier [0x012845E6+2448886]
	GetHandleVerifier [0x0129F80C+2560028]
	GetHandleVerifier [0x01053DF5+153093]
	GetHandleVerifier [0x0105A3BD+179149]
	GetHandleVerifier [0x01044BB8+91080]
	GetHandleVerifier [0x01044D60+91504]
	GetHandleVerifier [0x0102FA10+4640]
	BaseThreadInitThunk [0x76BA5D49+25]
	RtlInitializeExceptionChain [0x7741CF0B+107]
	RtlGetAppContainerNamedObjectPath [0x7741CE91+561]

2025-05-05 09:59:01,842 - ERROR - Uganda Tenders scraper failed: Message: unknown error: net::ERR_CONNECTION_TIMED_OUT
  (Session info: chrome=135.0.7049.115)
Stacktrace:
	GetHandleVerifier [0x010AD363+60275]
	GetHandleVerifier [0x010AD3A4+60340]
	(No symbol) [0x00EE06F3]
	(No symbol) [0x00EDDB50]
	(No symbol) [0x00ED14A8]
	(No symbol) [0x00ED2D90]
	(No symbol) [0x00ED1738]
	(No symbol) [0x00ED1293]
	(No symbol) [0x00ED0FA1]
	(No symbol) [0x00ECEF80]
	(No symbol) [0x00ECF91B]
	(No symbol) [0x00EE407E]
	(No symbol) [0x00F6F2F7]
	(No symbol) [0x00F4D08C]
	(No symbol) [0x00F6E6EB]
	(No symbol) [0x00F4CE86]
	(No symbol) [0x00F1C623]
	(No symbol) [0x00F1D474]
	GetHandleVerifier [0x012F8FE3+2467827]
	GetHandleVerifier [0x012F45E6+2448886]
	GetHandleVerifier [0x0130F80C+2560028]
	GetHandleVerifier [0x010C3DF5+153093]
	GetHandleVerifier [0x010CA3BD+179149]
	GetHandleVerifier [0x010B4BB8+91080]
	GetHandleVerifier [0x010B4D60+91504]
	GetHandleVerifier [0x0109FA10+4640]
	BaseThreadInitThunk [0x76BA5D49+25]
	RtlInitializeExceptionChain [0x7741CF0B+107]
	RtlGetAppContainerNamedObjectPath [0x7741CE91+561]

2025-05-06 12:22:55,908 - ERROR - Uganda Tenders scraper failed: Message: unknown error: net::ERR_CONNECTION_RESET
  (Session info: chrome=135.0.7049.115)
Stacktrace:
	GetHandleVerifier [0x00B2D363+60275]
	GetHandleVerifier [0x00B2D3A4+60340]
	(No symbol) [0x009606F3]
	(No symbol) [0x0095DB50]
	(No symbol) [0x009514A8]
	(No symbol) [0x00952D90]
	(No symbol) [0x00951738]
	(No symbol) [0x00951293]
	(No symbol) [0x00950FA1]
	(No symbol) [0x0094EF80]
	(No symbol) [0x0094F91B]
	(No symbol) [0x0096407E]
	(No symbol) [0x009EF2F7]
	(No symbol) [0x009CD08C]
	(No symbol) [0x009EE6EB]
	(No symbol) [0x009CCE86]
	(No symbol) [0x0099C623]
	(No symbol) [0x0099D474]
	GetHandleVerifier [0x00D78FE3+2467827]
	GetHandleVerifier [0x00D745E6+2448886]
	GetHandleVerifier [0x00D8F80C+2560028]
	GetHandleVerifier [0x00B43DF5+153093]
	GetHandleVerifier [0x00B4A3BD+179149]
	GetHandleVerifier [0x00B34BB8+91080]
	GetHandleVerifier [0x00B34D60+91504]
	GetHandleVerifier [0x00B1FA10+4640]
	BaseThreadInitThunk [0x76BA5D49+25]
	RtlInitializeExceptionChain [0x7741CF0B+107]
	RtlGetAppContainerNamedObjectPath [0x7741CE91+561]

2025-05-07 10:00:40,027 - ERROR - Uganda Tenders scraper failed: Message: unknown error: net::ERR_CONNECTION_RESET
  (Session info: chrome=135.0.7049.115)
Stacktrace:
	GetHandleVerifier [0x00C9D363+60275]
	GetHandleVerifier [0x00C9D3A4+60340]
	(No symbol) [0x00AD06F3]
	(No symbol) [0x00ACDB50]
	(No symbol) [0x00AC14A8]
	(No symbol) [0x00AC2D90]
	(No symbol) [0x00AC1738]
	(No symbol) [0x00AC1293]
	(No symbol) [0x00AC0FA1]
	(No symbol) [0x00ABEF80]
	(No symbol) [0x00ABF91B]
	(No symbol) [0x00AD407E]
	(No symbol) [0x00B5F2F7]
	(No symbol) [0x00B3D08C]
	(No symbol) [0x00B5E6EB]
	(No symbol) [0x00B3CE86]
	(No symbol) [0x00B0C623]
	(No symbol) [0x00B0D474]
	GetHandleVerifier [0x00EE8FE3+2467827]
	GetHandleVerifier [0x00EE45E6+2448886]
	GetHandleVerifier [0x00EFF80C+2560028]
	GetHandleVerifier [0x00CB3DF5+153093]
	GetHandleVerifier [0x00CBA3BD+179149]
	GetHandleVerifier [0x00CA4BB8+91080]
	GetHandleVerifier [0x00CA4D60+91504]
	GetHandleVerifier [0x00C8FA10+4640]
	BaseThreadInitThunk [0x76BA5D49+25]
	RtlInitializeExceptionChain [0x7741CF0B+107]
	RtlGetAppContainerNamedObjectPath [0x7741CE91+561]

2025-05-09 08:43:07,466 - ERROR - Nigeria e-Tenders scraper failed: Message: 
Stacktrace:
	GetHandleVerifier [0x0079D363+60275]
	GetHandleVerifier [0x0079D3A4+60340]
	(No symbol) [0x005D06F3]
	(No symbol) [0x00618690]
	(No symbol) [0x00618A2B]
	(No symbol) [0x00660EE2]
	(No symbol) [0x0063D0D4]
	(No symbol) [0x0065E6EB]
	(No symbol) [0x0063CE86]
	(No symbol) [0x0060C623]
	(No symbol) [0x0060D474]
	GetHandleVerifier [0x009E8FE3+2467827]
	GetHandleVerifier [0x009E45E6+2448886]
	GetHandleVerifier [0x009FF80C+2560028]
	GetHandleVerifier [0x007B3DF5+153093]
	GetHandleVerifier [0x007BA3BD+179149]
	GetHandleVerifier [0x007A4BB8+91080]
	GetHandleVerifier [0x007A4D60+91504]
	GetHandleVerifier [0x0078FA10+4640]
	BaseThreadInitThunk [0x76BA5D49+25]
	RtlInitializeExceptionChain [0x7741CF0B+107]
	RtlGetAppContainerNamedObjectPath [0x7741CE91+561]

2025-05-12 09:59:50,762 - ERROR - Uganda Tenders scraper failed: Message: unknown error: net::ERR_CONNECTION_TIMED_OUT
  (Session info: chrome=136.0.7103.93)
Stacktrace:
	GetHandleVerifier [0x00FCFC53+61635]
	GetHandleVerifier [0x00FCFC94+61700]
	(No symbol) [0x00DF05D3]
	(No symbol) [0x00DEDBE0]
	(No symbol) [0x00DE13A8]
	(No symbol) [0x00DE2CF0]
	(No symbol) [0x00DE1638]
	(No symbol) [0x00DE1193]
	(No symbol) [0x00DE0EA1]
	(No symbol) [0x00DDEE80]
	(No symbol) [0x00DDF81B]
	(No symbol) [0x00DF3FFE]
	(No symbol) [0x00E7F217]
	(No symbol) [0x00E5D29C]
	(No symbol) [0x00E7E61B]
	(No symbol) [0x00E5D096]
	(No symbol) [0x00E2C840]
	(No symbol) [0x00E2D6A4]
	GetHandleVerifier [0x01254573+2701795]
	GetHandleVerifier [0x0124FCF6+2683238]
	GetHandleVerifier [0x0126AA3E+2793134]
	GetHandleVerifier [0x00FE6915+155013]
	GetHandleVerifier [0x00FECFFD+181357]
	GetHandleVerifier [0x00FD74A8+92440]
	GetHandleVerifier [0x00FD7650+92864]
	GetHandleVerifier [0x00FC2040+5296]
	BaseThreadInitThunk [0x76C95D49+25]
	RtlInitializeExceptionChain [0x77B4CF0B+107]
	RtlGetAppContainerNamedObjectPath [0x77B4CE91+561]

2025-05-13 10:32:44,531 - ERROR - PPIP Tenders scraper failed: Message: 

2025-05-13 10:33:30,438 - ERROR - Uganda Tenders scraper failed: Message: unknown error: net::ERR_CONNECTION_TIMED_OUT
  (Session info: chrome=136.0.7103.93)
Stacktrace:
	GetHandleVerifier [0x011EFC53+61635]
	GetHandleVerifier [0x011EFC94+61700]
	(No symbol) [0x010105D3]
	(No symbol) [0x0100DBE0]
	(No symbol) [0x010013A8]
	(No symbol) [0x01002CF0]
	(No symbol) [0x01001638]
	(No symbol) [0x01001193]
	(No symbol) [0x01000EA1]
	(No symbol) [0x00FFEE80]
	(No symbol) [0x00FFF81B]
	(No symbol) [0x01013FFE]
	(No symbol) [0x0109F217]
	(No symbol) [0x0107D29C]
	(No symbol) [0x0109E61B]
	(No symbol) [0x0107D096]
	(No symbol) [0x0104C840]
	(No symbol) [0x0104D6A4]
	GetHandleVerifier [0x01474573+2701795]
	GetHandleVerifier [0x0146FCF6+2683238]
	GetHandleVerifier [0x0148AA3E+2793134]
	GetHandleVerifier [0x01206915+155013]
	GetHandleVerifier [0x0120CFFD+181357]
	GetHandleVerifier [0x011F74A8+92440]
	GetHandleVerifier [0x011F7650+92864]
	GetHandleVerifier [0x011E2040+5296]
	BaseThreadInitThunk [0x76C95D49+25]
	RtlInitializeExceptionChain [0x77B4CF0B+107]
	RtlGetAppContainerNamedObjectPath [0x77B4CE91+561]

2025-05-13 11:03:28,706 - ERROR - Uganda Tenders scraper failed: Message: unknown error: net::ERR_CONNECTION_TIMED_OUT
  (Session info: chrome=136.0.7103.93)
Stacktrace:
	GetHandleVerifier [0x011EFC53+61635]
	GetHandleVerifier [0x011EFC94+61700]
	(No symbol) [0x010105D3]
	(No symbol) [0x0100DBE0]
	(No symbol) [0x010013A8]
	(No symbol) [0x01002CF0]
	(No symbol) [0x01001638]
	(No symbol) [0x01001193]
	(No symbol) [0x01000EA1]
	(No symbol) [0x00FFEE80]
	(No symbol) [0x00FFF81B]
	(No symbol) [0x01013FFE]
	(No symbol) [0x0109F217]
	(No symbol) [0x0107D29C]
	(No symbol) [0x0109E61B]
	(No symbol) [0x0107D096]
	(No symbol) [0x0104C840]
	(No symbol) [0x0104D6A4]
	GetHandleVerifier [0x01474573+2701795]
	GetHandleVerifier [0x0146FCF6+2683238]
	GetHandleVerifier [0x0148AA3E+2793134]
	GetHandleVerifier [0x01206915+155013]
	GetHandleVerifier [0x0120CFFD+181357]
	GetHandleVerifier [0x011F74A8+92440]
	GetHandleVerifier [0x011F7650+92864]
	GetHandleVerifier [0x011E2040+5296]
	BaseThreadInitThunk [0x76C95D49+25]
	RtlInitializeExceptionChain [0x77B4CF0B+107]
	RtlGetAppContainerNamedObjectPath [0x77B4CE91+561]

2025-05-14 09:36:12,169 - ERROR - Uganda Tenders scraper failed: Message: unknown error: net::ERR_CONNECTION_RESET
  (Session info: chrome=136.0.7103.93)
Stacktrace:
	GetHandleVerifier [0x00B8FC53+61635]
	GetHandleVerifier [0x00B8FC94+61700]
	(No symbol) [0x009B05D3]
	(No symbol) [0x009ADBE0]
	(No symbol) [0x009A13A8]
	(No symbol) [0x009A2CF0]
	(No symbol) [0x009A1638]
	(No symbol) [0x009A1193]
	(No symbol) [0x009A0EA1]
	(No symbol) [0x0099EE80]
	(No symbol) [0x0099F81B]
	(No symbol) [0x009B3FFE]
	(No symbol) [0x00A3F217]
	(No symbol) [0x00A1D29C]
	(No symbol) [0x00A3E61B]
	(No symbol) [0x00A1D096]
	(No symbol) [0x009EC840]
	(No symbol) [0x009ED6A4]
	GetHandleVerifier [0x00E14573+2701795]
	GetHandleVerifier [0x00E0FCF6+2683238]
	GetHandleVerifier [0x00E2AA3E+2793134]
	GetHandleVerifier [0x00BA6915+155013]
	GetHandleVerifier [0x00BACFFD+181357]
	GetHandleVerifier [0x00B974A8+92440]
	GetHandleVerifier [0x00B97650+92864]
	GetHandleVerifier [0x00B82040+5296]
	BaseThreadInitThunk [0x75D65D49+25]
	RtlInitializeExceptionChain [0x77B3CF0B+107]
	RtlGetAppContainerNamedObjectPath [0x77B3CE91+561]

2025-05-14 13:14:57,638 - ERROR - Uganda Tenders scraper failed: Message: unknown error: net::ERR_CONNECTION_RESET
  (Session info: chrome=136.0.7103.93)
Stacktrace:
	GetHandleVerifier [0x011CFC53+61635]
	GetHandleVerifier [0x011CFC94+61700]
	(No symbol) [0x00FF05D3]
	(No symbol) [0x00FEDBE0]
	(No symbol) [0x00FE13A8]
	(No symbol) [0x00FE2CF0]
	(No symbol) [0x00FE1638]
	(No symbol) [0x00FE1193]
	(No symbol) [0x00FE0EA1]
	(No symbol) [0x00FDEE80]
	(No symbol) [0x00FDF81B]
	(No symbol) [0x00FF3FFE]
	(No symbol) [0x0107F217]
	(No symbol) [0x0105D29C]
	(No symbol) [0x0107E61B]
	(No symbol) [0x0105D096]
	(No symbol) [0x0102C840]
	(No symbol) [0x0102D6A4]
	GetHandleVerifier [0x01454573+2701795]
	GetHandleVerifier [0x0144FCF6+2683238]
	GetHandleVerifier [0x0146AA3E+2793134]
	GetHandleVerifier [0x011E6915+155013]
	GetHandleVerifier [0x011ECFFD+181357]
	GetHandleVerifier [0x011D74A8+92440]
	GetHandleVerifier [0x011D7650+92864]
	GetHandleVerifier [0x011C2040+5296]
	BaseThreadInitThunk [0x76755D49+25]
	RtlInitializeExceptionChain [0x775BCF0B+107]
	RtlGetAppContainerNamedObjectPath [0x775BCE91+561]

2025-05-14 13:30:16,253 - ERROR - Uganda Tenders scraper failed: Message: unknown error: net::ERR_CONNECTION_RESET
  (Session info: chrome=136.0.7103.93)
Stacktrace:
	GetHandleVerifier [0x011CFC53+61635]
	GetHandleVerifier [0x011CFC94+61700]
	(No symbol) [0x00FF05D3]
	(No symbol) [0x00FEDBE0]
	(No symbol) [0x00FE13A8]
	(No symbol) [0x00FE2CF0]
	(No symbol) [0x00FE1638]
	(No symbol) [0x00FE1193]
	(No symbol) [0x00FE0EA1]
	(No symbol) [0x00FDEE80]
	(No symbol) [0x00FDF81B]
	(No symbol) [0x00FF3FFE]
	(No symbol) [0x0107F217]
	(No symbol) [0x0105D29C]
	(No symbol) [0x0107E61B]
	(No symbol) [0x0105D096]
	(No symbol) [0x0102C840]
	(No symbol) [0x0102D6A4]
	GetHandleVerifier [0x01454573+2701795]
	GetHandleVerifier [0x0144FCF6+2683238]
	GetHandleVerifier [0x0146AA3E+2793134]
	GetHandleVerifier [0x011E6915+155013]
	GetHandleVerifier [0x011ECFFD+181357]
	GetHandleVerifier [0x011D74A8+92440]
	GetHandleVerifier [0x011D7650+92864]
	GetHandleVerifier [0x011C2040+5296]
	BaseThreadInitThunk [0x76755D49+25]
	RtlInitializeExceptionChain [0x775BCF0B+107]
	RtlGetAppContainerNamedObjectPath [0x775BCE91+561]

2025-05-15 09:11:42,062 - ERROR - Uganda Tenders scraper failed: Message: unknown error: net::ERR_CONNECTION_RESET
  (Session info: chrome=136.0.7103.93)
Stacktrace:
	GetHandleVerifier [0x0069FC83+61635]
	GetHandleVerifier [0x0069FCC4+61700]
	(No symbol) [0x004C05D3]
	(No symbol) [0x004BDBE0]
	(No symbol) [0x004B13A8]
	(No symbol) [0x004B2CF0]
	(No symbol) [0x004B1638]
	(No symbol) [0x004B1193]
	(No symbol) [0x004B0EA1]
	(No symbol) [0x004AEE80]
	(No symbol) [0x004AF81B]
	(No symbol) [0x004C3FFE]
	(No symbol) [0x0054F217]
	(No symbol) [0x0052D29C]
	(No symbol) [0x0054E61B]
	(No symbol) [0x0052D096]
	(No symbol) [0x004FC840]
	(No symbol) [0x004FD6A4]
	GetHandleVerifier [0x009245A3+2701795]
	GetHandleVerifier [0x0091FD26+2683238]
	GetHandleVerifier [0x0093AA6E+2793134]
	GetHandleVerifier [0x006B6945+155013]
	GetHandleVerifier [0x006BD02D+181357]
	GetHandleVerifier [0x006A74D8+92440]
	GetHandleVerifier [0x006A7680+92864]
	GetHandleVerifier [0x00692070+5296]
	BaseThreadInitThunk [0x76755D49+25]
	RtlInitializeExceptionChain [0x775BCF0B+107]
	RtlGetAppContainerNamedObjectPath [0x775BCE91+561]

2025-05-16 10:51:04,588 - ERROR - Uganda Tenders scraper failed: Message: unknown error: net::ERR_CONNECTION_RESET
  (Session info: chrome=136.0.7103.114)
Stacktrace:
	GetHandleVerifier [0x00CCFC83+61635]
	GetHandleVerifier [0x00CCFCC4+61700]
	(No symbol) [0x00AF05D3]
	(No symbol) [0x00AEDBE0]
	(No symbol) [0x00AE13A8]
	(No symbol) [0x00AE2CF0]
	(No symbol) [0x00AE1638]
	(No symbol) [0x00AE1193]
	(No symbol) [0x00AE0EA1]
	(No symbol) [0x00ADEE80]
	(No symbol) [0x00ADF81B]
	(No symbol) [0x00AF3FFE]
	(No symbol) [0x00B7F217]
	(No symbol) [0x00B5D29C]
	(No symbol) [0x00B7E61B]
	(No symbol) [0x00B5D096]
	(No symbol) [0x00B2C840]
	(No symbol) [0x00B2D6A4]
	GetHandleVerifier [0x00F545A3+2701795]
	GetHandleVerifier [0x00F4FD26+2683238]
	GetHandleVerifier [0x00F6AA6E+2793134]
	GetHandleVerifier [0x00CE6945+155013]
	GetHandleVerifier [0x00CED02D+181357]
	GetHandleVerifier [0x00CD74D8+92440]
	GetHandleVerifier [0x00CD7680+92864]
	GetHandleVerifier [0x00CC2070+5296]
	BaseThreadInitThunk [0x76755D49+25]
	RtlInitializeExceptionChain [0x775BCF0B+107]
	RtlGetAppContainerNamedObjectPath [0x775BCE91+561]

2025-05-16 11:17:52,111 - ERROR - Uganda Tenders scraper failed: Message: unknown error: net::ERR_CONNECTION_RESET
  (Session info: chrome=136.0.7103.114)
Stacktrace:
	GetHandleVerifier [0x00CCFC83+61635]
	GetHandleVerifier [0x00CCFCC4+61700]
	(No symbol) [0x00AF05D3]
	(No symbol) [0x00AEDBE0]
	(No symbol) [0x00AE13A8]
	(No symbol) [0x00AE2CF0]
	(No symbol) [0x00AE1638]
	(No symbol) [0x00AE1193]
	(No symbol) [0x00AE0EA1]
	(No symbol) [0x00ADEE80]
	(No symbol) [0x00ADF81B]
	(No symbol) [0x00AF3FFE]
	(No symbol) [0x00B7F217]
	(No symbol) [0x00B5D29C]
	(No symbol) [0x00B7E61B]
	(No symbol) [0x00B5D096]
	(No symbol) [0x00B2C840]
	(No symbol) [0x00B2D6A4]
	GetHandleVerifier [0x00F545A3+2701795]
	GetHandleVerifier [0x00F4FD26+2683238]
	GetHandleVerifier [0x00F6AA6E+2793134]
	GetHandleVerifier [0x00CE6945+155013]
	GetHandleVerifier [0x00CED02D+181357]
	GetHandleVerifier [0x00CD74D8+92440]
	GetHandleVerifier [0x00CD7680+92864]
	GetHandleVerifier [0x00CC2070+5296]
	BaseThreadInitThunk [0x76755D49+25]
	RtlInitializeExceptionChain [0x775BCF0B+107]
	RtlGetAppContainerNamedObjectPath [0x775BCE91+561]

2025-05-16 11:36:52,514 - ERROR - Uganda Tenders scraper failed: Message: unknown error: net::ERR_CONNECTION_RESET
  (Session info: chrome=136.0.7103.114)
Stacktrace:
	GetHandleVerifier [0x00CCFC83+61635]
	GetHandleVerifier [0x00CCFCC4+61700]
	(No symbol) [0x00AF05D3]
	(No symbol) [0x00AEDBE0]
	(No symbol) [0x00AE13A8]
	(No symbol) [0x00AE2CF0]
	(No symbol) [0x00AE1638]
	(No symbol) [0x00AE1193]
	(No symbol) [0x00AE0EA1]
	(No symbol) [0x00ADEE80]
	(No symbol) [0x00ADF81B]
	(No symbol) [0x00AF3FFE]
	(No symbol) [0x00B7F217]
	(No symbol) [0x00B5D29C]
	(No symbol) [0x00B7E61B]
	(No symbol) [0x00B5D096]
	(No symbol) [0x00B2C840]
	(No symbol) [0x00B2D6A4]
	GetHandleVerifier [0x00F545A3+2701795]
	GetHandleVerifier [0x00F4FD26+2683238]
	GetHandleVerifier [0x00F6AA6E+2793134]
	GetHandleVerifier [0x00CE6945+155013]
	GetHandleVerifier [0x00CED02D+181357]
	GetHandleVerifier [0x00CD74D8+92440]
	GetHandleVerifier [0x00CD7680+92864]
	GetHandleVerifier [0x00CC2070+5296]
	BaseThreadInitThunk [0x76755D49+25]
	RtlInitializeExceptionChain [0x775BCF0B+107]
	RtlGetAppContainerNamedObjectPath [0x775BCE91+561]

2025-05-19 08:50:52,250 - ERROR - Uganda Tenders scraper failed: Message: unknown error: net::ERR_CONNECTION_RESET
  (Session info: chrome=136.0.7103.114)
Stacktrace:
	GetHandleVerifier [0x00D7FC83+61635]
	GetHandleVerifier [0x00D7FCC4+61700]
	(No symbol) [0x00BA05D3]
	(No symbol) [0x00B9DBE0]
	(No symbol) [0x00B913A8]
	(No symbol) [0x00B92CF0]
	(No symbol) [0x00B91638]
	(No symbol) [0x00B91193]
	(No symbol) [0x00B90EA1]
	(No symbol) [0x00B8EE80]
	(No symbol) [0x00B8F81B]
	(No symbol) [0x00BA3FFE]
	(No symbol) [0x00C2F217]
	(No symbol) [0x00C0D29C]
	(No symbol) [0x00C2E61B]
	(No symbol) [0x00C0D096]
	(No symbol) [0x00BDC840]
	(No symbol) [0x00BDD6A4]
	GetHandleVerifier [0x010045A3+2701795]
	GetHandleVerifier [0x00FFFD26+2683238]
	GetHandleVerifier [0x0101AA6E+2793134]
	GetHandleVerifier [0x00D96945+155013]
	GetHandleVerifier [0x00D9D02D+181357]
	GetHandleVerifier [0x00D874D8+92440]
	GetHandleVerifier [0x00D87680+92864]
	GetHandleVerifier [0x00D72070+5296]
	BaseThreadInitThunk [0x76755D49+25]
	RtlInitializeExceptionChain [0x775BCF0B+107]
	RtlGetAppContainerNamedObjectPath [0x775BCE91+561]

2025-05-19 09:06:56,519 - ERROR - Uganda Tenders scraper failed: Message: unknown error: net::ERR_CONNECTION_RESET
  (Session info: chrome=136.0.7103.114)
Stacktrace:
	GetHandleVerifier [0x00DCFC83+61635]
	GetHandleVerifier [0x00DCFCC4+61700]
	(No symbol) [0x00BF05D3]
	(No symbol) [0x00BEDBE0]
	(No symbol) [0x00BE13A8]
	(No symbol) [0x00BE2CF0]
	(No symbol) [0x00BE1638]
	(No symbol) [0x00BE1193]
	(No symbol) [0x00BE0EA1]
	(No symbol) [0x00BDEE80]
	(No symbol) [0x00BDF81B]
	(No symbol) [0x00BF3FFE]
	(No symbol) [0x00C7F217]
	(No symbol) [0x00C5D29C]
	(No symbol) [0x00C7E61B]
	(No symbol) [0x00C5D096]
	(No symbol) [0x00C2C840]
	(No symbol) [0x00C2D6A4]
	GetHandleVerifier [0x010545A3+2701795]
	GetHandleVerifier [0x0104FD26+2683238]
	GetHandleVerifier [0x0106AA6E+2793134]
	GetHandleVerifier [0x00DE6945+155013]
	GetHandleVerifier [0x00DED02D+181357]
	GetHandleVerifier [0x00DD74D8+92440]
	GetHandleVerifier [0x00DD7680+92864]
	GetHandleVerifier [0x00DC2070+5296]
	BaseThreadInitThunk [0x76C35D49+25]
	RtlInitializeExceptionChain [0x77B1D03B+107]
	RtlGetAppContainerNamedObjectPath [0x77B1CFC1+561]

2025-05-20 12:16:34,334 - ERROR - Uganda Tenders scraper failed: Message: unknown error: net::ERR_CONNECTION_RESET
  (Session info: chrome=136.0.7103.114)
Stacktrace:
	GetHandleVerifier [0x0100FC83+61635]
	GetHandleVerifier [0x0100FCC4+61700]
	(No symbol) [0x00E305D3]
	(No symbol) [0x00E2DBE0]
	(No symbol) [0x00E213A8]
	(No symbol) [0x00E22CF0]
	(No symbol) [0x00E21638]
	(No symbol) [0x00E21193]
	(No symbol) [0x00E20EA1]
	(No symbol) [0x00E1EE80]
	(No symbol) [0x00E1F81B]
	(No symbol) [0x00E33FFE]
	(No symbol) [0x00EBF217]
	(No symbol) [0x00E9D29C]
	(No symbol) [0x00EBE61B]
	(No symbol) [0x00E9D096]
	(No symbol) [0x00E6C840]
	(No symbol) [0x00E6D6A4]
	GetHandleVerifier [0x012945A3+2701795]
	GetHandleVerifier [0x0128FD26+2683238]
	GetHandleVerifier [0x012AAA6E+2793134]
	GetHandleVerifier [0x01026945+155013]
	GetHandleVerifier [0x0102D02D+181357]
	GetHandleVerifier [0x010174D8+92440]
	GetHandleVerifier [0x01017680+92864]
	GetHandleVerifier [0x01002070+5296]
	BaseThreadInitThunk [0x76C35D49+25]
	RtlInitializeExceptionChain [0x77B1D03B+107]
	RtlGetAppContainerNamedObjectPath [0x77B1CFC1+561]

2025-05-20 12:52:13,696 - ERROR - Uganda Tenders scraper failed: Message: unknown error: net::ERR_CONNECTION_RESET
  (Session info: chrome=136.0.7103.114)
Stacktrace:
	GetHandleVerifier [0x0100FC83+61635]
	GetHandleVerifier [0x0100FCC4+61700]
	(No symbol) [0x00E305D3]
	(No symbol) [0x00E2DBE0]
	(No symbol) [0x00E213A8]
	(No symbol) [0x00E22CF0]
	(No symbol) [0x00E21638]
	(No symbol) [0x00E21193]
	(No symbol) [0x00E20EA1]
	(No symbol) [0x00E1EE80]
	(No symbol) [0x00E1F81B]
	(No symbol) [0x00E33FFE]
	(No symbol) [0x00EBF217]
	(No symbol) [0x00E9D29C]
	(No symbol) [0x00EBE61B]
	(No symbol) [0x00E9D096]
	(No symbol) [0x00E6C840]
	(No symbol) [0x00E6D6A4]
	GetHandleVerifier [0x012945A3+2701795]
	GetHandleVerifier [0x0128FD26+2683238]
	GetHandleVerifier [0x012AAA6E+2793134]
	GetHandleVerifier [0x01026945+155013]
	GetHandleVerifier [0x0102D02D+181357]
	GetHandleVerifier [0x010174D8+92440]
	GetHandleVerifier [0x01017680+92864]
	GetHandleVerifier [0x01002070+5296]
	BaseThreadInitThunk [0x76C35D49+25]
	RtlInitializeExceptionChain [0x77B1D03B+107]
	RtlGetAppContainerNamedObjectPath [0x77B1CFC1+561]

2025-05-21 09:40:34,476 - ERROR - Uganda Tenders scraper failed: Message: unknown error: net::ERR_CONNECTION_RESET
  (Session info: chrome=136.0.7103.114)
Stacktrace:
	GetHandleVerifier [0x00A0FC83+61635]
	GetHandleVerifier [0x00A0FCC4+61700]
	(No symbol) [0x008305D3]
	(No symbol) [0x0082DBE0]
	(No symbol) [0x008213A8]
	(No symbol) [0x00822CF0]
	(No symbol) [0x00821638]
	(No symbol) [0x00821193]
	(No symbol) [0x00820EA1]
	(No symbol) [0x0081EE80]
	(No symbol) [0x0081F81B]
	(No symbol) [0x00833FFE]
	(No symbol) [0x008BF217]
	(No symbol) [0x0089D29C]
	(No symbol) [0x008BE61B]
	(No symbol) [0x0089D096]
	(No symbol) [0x0086C840]
	(No symbol) [0x0086D6A4]
	GetHandleVerifier [0x00C945A3+2701795]
	GetHandleVerifier [0x00C8FD26+2683238]
	GetHandleVerifier [0x00CAAA6E+2793134]
	GetHandleVerifier [0x00A26945+155013]
	GetHandleVerifier [0x00A2D02D+181357]
	GetHandleVerifier [0x00A174D8+92440]
	GetHandleVerifier [0x00A17680+92864]
	GetHandleVerifier [0x00A02070+5296]
	BaseThreadInitThunk [0x76C35D49+25]
	RtlInitializeExceptionChain [0x77B1D03B+107]
	RtlGetAppContainerNamedObjectPath [0x77B1CFC1+561]

2025-05-21 09:57:06,965 - ERROR - Uganda Tenders scraper failed: Message: unknown error: net::ERR_CONNECTION_RESET
  (Session info: chrome=136.0.7103.114)
Stacktrace:
	GetHandleVerifier [0x00A0FC83+61635]
	GetHandleVerifier [0x00A0FCC4+61700]
	(No symbol) [0x008305D3]
	(No symbol) [0x0082DBE0]
	(No symbol) [0x008213A8]
	(No symbol) [0x00822CF0]
	(No symbol) [0x00821638]
	(No symbol) [0x00821193]
	(No symbol) [0x00820EA1]
	(No symbol) [0x0081EE80]
	(No symbol) [0x0081F81B]
	(No symbol) [0x00833FFE]
	(No symbol) [0x008BF217]
	(No symbol) [0x0089D29C]
	(No symbol) [0x008BE61B]
	(No symbol) [0x0089D096]
	(No symbol) [0x0086C840]
	(No symbol) [0x0086D6A4]
	GetHandleVerifier [0x00C945A3+2701795]
	GetHandleVerifier [0x00C8FD26+2683238]
	GetHandleVerifier [0x00CAAA6E+2793134]
	GetHandleVerifier [0x00A26945+155013]
	GetHandleVerifier [0x00A2D02D+181357]
	GetHandleVerifier [0x00A174D8+92440]
	GetHandleVerifier [0x00A17680+92864]
	GetHandleVerifier [0x00A02070+5296]
	BaseThreadInitThunk [0x76C35D49+25]
	RtlInitializeExceptionChain [0x77B1D03B+107]
	RtlGetAppContainerNamedObjectPath [0x77B1CFC1+561]

2025-05-28 16:35:20,310 - ERROR - Rwanda Tenders scraper failed: Message: invalid session id: session deleted as the browser has closed the connection
from disconnected: not connected to DevTools
  (Session info: chrome=136.0.7103.114)
Stacktrace:
	GetHandleVerifier [0x00F2FC03+61635]
	GetHandleVerifier [0x00F2FC44+61700]
	(No symbol) [0x00D505D3]
	(No symbol) [0x00D3FE20]
	(No symbol) [0x00D5DD1F]
	(No symbol) [0x00DC3E8C]
	(No symbol) [0x00DDDF19]
	(No symbol) [0x00DBD096]
	(No symbol) [0x00D8C840]
	(No symbol) [0x00D8D6A4]
	GetHandleVerifier [0x011B4523+2701795]
	GetHandleVerifier [0x011AFCA6+2683238]
	GetHandleVerifier [0x011CA9EE+2793134]
	GetHandleVerifier [0x00F468C5+155013]
	GetHandleVerifier [0x00F4CFAD+181357]
	GetHandleVerifier [0x00F37458+92440]
	GetHandleVerifier [0x00F37600+92864]
	GetHandleVerifier [0x00F21FF0+5296]
	BaseThreadInitThunk [0x76C35D49+25]
	RtlInitializeExceptionChain [0x77B1D03B+107]
	RtlGetAppContainerNamedObjectPath [0x77B1CFC1+561]

2025-05-28 16:35:21,065 - ERROR - TZ Tenders scraper failed: Message: invalid session id: session deleted as the browser has closed the connection
from disconnected: not connected to DevTools
  (Session info: chrome=136.0.7103.114)
Stacktrace:
	GetHandleVerifier [0x00F2FC03+61635]
	GetHandleVerifier [0x00F2FC44+61700]
	(No symbol) [0x00D505D3]
	(No symbol) [0x00D3FE20]
	(No symbol) [0x00D5D461]
	(No symbol) [0x00DDE91C]
	(No symbol) [0x00DBD096]
	(No symbol) [0x00D8C840]
	(No symbol) [0x00D8D6A4]
	GetHandleVerifier [0x011B4523+2701795]
	GetHandleVerifier [0x011AFCA6+2683238]
	GetHandleVerifier [0x011CA9EE+2793134]
	GetHandleVerifier [0x00F468C5+155013]
	GetHandleVerifier [0x00F4CFAD+181357]
	GetHandleVerifier [0x00F37458+92440]
	GetHandleVerifier [0x00F37600+92864]
	GetHandleVerifier [0x00F21FF0+5296]
	BaseThreadInitThunk [0x76C35D49+25]
	RtlInitializeExceptionChain [0x77B1D03B+107]
	RtlGetAppContainerNamedObjectPath [0x77B1CFC1+561]

2025-05-28 16:35:23,181 - ERROR - World Bank Tenders scraper failed: Message: invalid session id: session deleted as the browser has closed the connection
from disconnected: not connected to DevTools
  (Session info: chrome=136.0.7103.114)
Stacktrace:
	GetHandleVerifier [0x00F2FC03+61635]
	GetHandleVerifier [0x00F2FC44+61700]
	(No symbol) [0x00D505D3]
	(No symbol) [0x00D3FE20]
	(No symbol) [0x00D5DD1F]
	(No symbol) [0x00DC3E8C]
	(No symbol) [0x00DDDF19]
	(No symbol) [0x00DBD096]
	(No symbol) [0x00D8C840]
	(No symbol) [0x00D8D6A4]
	GetHandleVerifier [0x011B4523+2701795]
	GetHandleVerifier [0x011AFCA6+2683238]
	GetHandleVerifier [0x011CA9EE+2793134]
	GetHandleVerifier [0x00F468C5+155013]
	GetHandleVerifier [0x00F4CFAD+181357]
	GetHandleVerifier [0x00F37458+92440]
	GetHandleVerifier [0x00F37600+92864]
	GetHandleVerifier [0x00F21FF0+5296]
	BaseThreadInitThunk [0x76C35D49+25]
	RtlInitializeExceptionChain [0x77B1D03B+107]
	RtlGetAppContainerNamedObjectPath [0x77B1CFC1+561]

2025-05-28 16:35:24,184 - ERROR - Nigeria e-Bid scraper failed: Message: invalid session id: session deleted as the browser has closed the connection
from disconnected: not connected to DevTools
  (Session info: chrome=136.0.7103.114)
Stacktrace:
	GetHandleVerifier [0x00F2FC03+61635]
	GetHandleVerifier [0x00F2FC44+61700]
	(No symbol) [0x00D505D3]
	(No symbol) [0x00D3FE20]
	(No symbol) [0x00D5D461]
	(No symbol) [0x00DDE52A]
	(No symbol) [0x00DBD096]
	(No symbol) [0x00D8C840]
	(No symbol) [0x00D8D6A4]
	GetHandleVerifier [0x011B4523+2701795]
	GetHandleVerifier [0x011AFCA6+2683238]
	GetHandleVerifier [0x011CA9EE+2793134]
	GetHandleVerifier [0x00F468C5+155013]
	GetHandleVerifier [0x00F4CFAD+181357]
	GetHandleVerifier [0x00F37458+92440]
	GetHandleVerifier [0x00F37600+92864]
	GetHandleVerifier [0x00F21FF0+5296]
	BaseThreadInitThunk [0x76C35D49+25]
	RtlInitializeExceptionChain [0x77B1D03B+107]
	RtlGetAppContainerNamedObjectPath [0x77B1CFC1+561]

2025-06-02 18:38:15,618 - ERROR - Nigeria Procurement scraper failed: Message: 
Stacktrace:
	GetHandleVerifier [0x00A4FC03+61635]
	GetHandleVerifier [0x00A4FC44+61700]
	(No symbol) [0x008705D3]
	(No symbol) [0x008B899E]
	(No symbol) [0x008B8D3B]
	(No symbol) [0x00900E12]
	(No symbol) [0x008DD2E4]
	(No symbol) [0x008FE61B]
	(No symbol) [0x008DD096]
	(No symbol) [0x008AC840]
	(No symbol) [0x008AD6A4]
	GetHandleVerifier [0x00CD4523+2701795]
	GetHandleVerifier [0x00CCFCA6+2683238]
	GetHandleVerifier [0x00CEA9EE+2793134]
	GetHandleVerifier [0x00A668C5+155013]
	GetHandleVerifier [0x00A6CFAD+181357]
	GetHandleVerifier [0x00A57458+92440]
	GetHandleVerifier [0x00A57600+92864]
	GetHandleVerifier [0x00A41FF0+5296]
	BaseThreadInitThunk [0x76D75D49+25]
	RtlInitializeExceptionChain [0x77DDD03B+107]
	RtlGetAppContainerNamedObjectPath [0x77DDCFC1+561]

2025-06-02 18:42:32,875 - ERROR - TZ Tenders scraper failed: HTTPConnectionPool(host='localhost', port=50199): Read timed out. (read timeout=120)
2025-06-10 19:35:02,941 - ERROR - PPIP Tenders scraper failed: Message: 

2025-06-10 19:36:17,402 - ERROR - World Bank Tenders scraper failed: HTTPConnectionPool(host='localhost', port=52751): Read timed out. (read timeout=120)
2025-09-12 13:33:24,431 - ERROR - Nigeria e-Tenders scraper failed: Message: 
Stacktrace:
	GetHandleVerifier [0x0x29a8a3+63283]
	GetHandleVerifier [0x0x29a8e4+63348]
	(No symbol) [0x0xd3e43]
	(No symbol) [0x0x11c8de]
	(No symbol) [0x0x11cc7b]
	(No symbol) [0x0x164ef2]
	(No symbol) [0x0x141464]
	(No symbol) [0x0x16271a]
	(No symbol) [0x0x141216]
	(No symbol) [0x0x110855]
	(No symbol) [0x0x1116f4]
	GetHandleVerifier [0x0x50bb43+2623955]
	GetHandleVerifier [0x0x506daa+2604090]
	GetHandleVerifier [0x0x2c069a+218410]
	GetHandleVerifier [0x0x2b0ed8+154984]
	GetHandleVerifier [0x0x2b742d+180925]
	GetHandleVerifier [0x0x2a22b8+94536]
	GetHandleVerifier [0x0x2a2442+94930]
	GetHandleVerifier [0x0x28d5ea+9338]
	BaseThreadInitThunk [0x0x75cb5d49+25]
	RtlInitializeExceptionChain [0x0x7757d6db+107]
	RtlGetAppContainerNamedObjectPath [0x0x7757d661+561]
	(No symbol) [0x0]

2025-09-12 13:41:17,070 - ERROR - Nigeria e-Tenders scraper failed: Message: 
Stacktrace:
	GetHandleVerifier [0x0x29a8a3+63283]
	GetHandleVerifier [0x0x29a8e4+63348]
	(No symbol) [0x0xd3e43]
	(No symbol) [0x0x11c8de]
	(No symbol) [0x0x11cc7b]
	(No symbol) [0x0x164ef2]
	(No symbol) [0x0x141464]
	(No symbol) [0x0x16271a]
	(No symbol) [0x0x141216]
	(No symbol) [0x0x110855]
	(No symbol) [0x0x1116f4]
	GetHandleVerifier [0x0x50bb43+2623955]
	GetHandleVerifier [0x0x506daa+2604090]
	GetHandleVerifier [0x0x2c069a+218410]
	GetHandleVerifier [0x0x2b0ed8+154984]
	GetHandleVerifier [0x0x2b742d+180925]
	GetHandleVerifier [0x0x2a22b8+94536]
	GetHandleVerifier [0x0x2a2442+94930]
	GetHandleVerifier [0x0x28d5ea+9338]
	BaseThreadInitThunk [0x0x75cb5d49+25]
	RtlInitializeExceptionChain [0x0x7757d6db+107]
	RtlGetAppContainerNamedObjectPath [0x0x7757d661+561]
	(No symbol) [0x0]

2025-10-25 13:49:27,951 - ERROR - Nigeria e-Tenders scraper failed: Message: 
Stacktrace:
	GetHandleVerifier [0x0xaefe43+66515]
	GetHandleVerifier [0x0xaefe84+66580]
	(No symbol) [0x0x8ddc48]
	(No symbol) [0x0x928704]
	(No symbol) [0x0x928aab]
	(No symbol) [0x0x96f482]
	(No symbol) [0x0x94b214]
	(No symbol) [0x0x96cba7]
	(No symbol) [0x0x94afc6]
	(No symbol) [0x0x91c2ca]
	(No symbol) [0x0x91d154]
	GetHandleVerifier [0x0xd47353+2521315]
	GetHandleVerifier [0x0xd422d3+2500707]
	GetHandleVerifier [0x0xb17c94+229924]
	GetHandleVerifier [0x0xb081f8+165768]
	GetHandleVerifier [0x0xb0ecad+193085]
	GetHandleVerifier [0x0xaf8158+100072]
	GetHandleVerifier [0x0xaf82f0+100480]
	GetHandleVerifier [0x0xae25aa+11066]
	BaseThreadInitThunk [0x0x76a75d49+25]
	RtlInitializeExceptionChain [0x0x7722d6db+107]
	RtlGetAppContainerNamedObjectPath [0x0x7722d661+561]

